     seqfile:    SLRMassinghamASim15.paml
    treefile:    12species_small.trees
     outfile:    out15.res
       kappa:    2.000000e+00
       omega:    1.000000e-01
      codonf:    0
     nucleof:    0
      aminof:    0
  reoptimise:    1
     nucfile:    nuc.dat
   aminofile:    amino.dat
positive_only:    0
     gencode:    universal
     timemem:    0
       ldiff:    3.841459e+00
     paramin:    
    paramout:    
skipsitewise:    0
        seed:    0
    freqtype:    1
   cleandata:    0
     branopt:    1
    writetmp:    0
     recover:    0

Initialising random number generator from /dev/urandom.
# SLR "Sitewise Likelihood Ratio" selection detection program. Version 1.4.3
# Redundency. Reduced sites from 200 to 93
# Read seqfile file SLRMassinghamASim15.paml. 12 species, 200 sites.
# Read tree from 12species_small.trees.
((((((((FDH_NEUCR:0.006000, FDH_PICAN:0.007000 ):0.007000, FDH_SOLTU:0.010000 ):0.016000, PDXB_ECOLI:0.020000 ):0.003000, YPRA_CORGL:0.022000 ):0.003000, (YF56_HAEIN:0.014000, SERA_HAEIN:0.016000 ):0.003000 ):0.003000, VANH_ENTFC:0.013000 ):0.003000, (DDH_HAEIN:0.010000, DDH_ZYMMO:0.010000 ):0.005000 ):0.003000, DHD2_LACCA:0.014000, LDHD_LACPE:0.014000 )
# Reoptimising parameters, branches variable
Initial	f: 1100.682795
Step     f(x)      delta
  1: 1094.281031 6.40176e+00   10 	  347.553
  2: 1093.142111 1.13892e+00   18 	  321.134
  3: 1092.086767 1.05534e+00   25 	  295.560
  4: 1089.190122 2.89665e+00   28 	  313.773
  5: 1088.877581 3.12540e-01   35 	  326.574
  6: 1088.720374 1.57207e-01   42 	  339.897
  7: 1088.304103 4.16272e-01   45 	  319.888
  8: 1088.213981 9.01215e-02   48 	  316.498
  9: 1087.948624 2.65357e-01   56 	  309.567
 10: 1087.884631 6.39931e-02   64 	  305.193
 11: 1087.860757 2.38739e-02   72 	  303.376
 12: 1087.841354 1.94028e-02   75 	  302.282
 13: 1087.806936 3.44177e-02   82 	  299.365
 14: 1087.712028 9.49089e-02   85 	  297.298
 15: 1087.707126 4.90152e-03   88 	  296.798
 16: 1087.704275 2.85137e-03   98 	  295.703
 17: 1087.703825 4.49865e-04  108 	  294.581
 18: 1087.703034 7.91211e-04  116 	  293.789
 19: 1087.697704 5.32952e-03  119 	  293.338
 20: 1087.678710 1.89945e-02  122 	  293.211
 21: 1087.662608 1.61016e-02  125 	  292.108
 22: 1087.662399 2.09337e-04  136 	  291.770
 23: 1087.653108 9.29039e-03  139 	  290.453
 24: 1087.565860 8.72481e-02  142 	  290.158
 25: 1087.565712 1.47730e-04  154 	  289.827
 26: 1087.553625 1.20876e-02  157 	  289.828
 27: 1087.523855 2.97694e-02  160 	  289.903
 28: 1087.467117 5.67386e-02  163 	  289.904
 29: 1087.358922 1.08195e-01  166 	  289.930
 30: 1087.172154 1.86768e-01  169 	  289.964
 31: 1086.916274 2.55879e-01  173 B	    0.059
 32: 1086.914862 1.41190e-03  176 	    0.018
 33: 1086.914717 1.45908e-04  179 	    0.007
 34: 1086.914688 2.90124e-05  182 	    0.003
 35: 1086.914683 4.57852e-06  185 	    0.002
 36: 1086.914682 1.07334e-06  188 	    0.001
 37: 1086.914682 1.19597e-07  191 	    0.000
 38: 1086.914682 1.65478e-08  215 -	    0.000
***
# lnL = 1.086915e+03
((((((((FDH_NEUCR:0.019539, FDH_PICAN:0.007698 ):0.013216, FDH_SOLTU:0.004962 ):0.015117, PDXB_ECOLI:0.010056 ):0.005030, YPRA_CORGL:0.010029 ):0.005065, (YF56_HAEIN:0.015184, SERA_HAEIN:0.005032 ):0.010063 ):0.005022, VANH_ENTFC:0.020275 ):0.005036, (DDH_HAEIN:0.000000, DDH_ZYMMO:0.005026 ):0.005063 ):0.010048, DHD2_LACCA:0.015146, LDHD_LACPE:0.030439 )
# Kappa = 1.866619 Omega = 0.201169
# Tree length = 0.22, average branch length = 0.01 (min=0.00, max=0.03)
# Scaling tree to neutral evolution. Factor = 2.38
# Calculating initial estimates of sitewise conservation
# Calculating conservation at each site. This may take a while.

   1:  ..................................................
  51:  ..................................................
 101:  ..................................................
 151:  ..................................................
# Positively selected sites (cumulative)
# Significance  Number sites  Number Random
# 99% corrected      0       0
# 95% corrected      0       0
# 99%                0       0
# 95%                0       0

# Conserved sites (cumulative)
# Significance  Number sites
# 99% corrected      0
# 95% corrected      0
# 99%                0
# 95%                0
