     seqfile:    incodon
    treefile:    intree
     outfile:    out.res
       kappa:    2.000000e+00
       omega:    1.000000e-01
      codonf:    0
     nucleof:    0
      aminof:    0
  reoptimise:    1
     nucfile:    nuc.dat
   aminofile:    amino.dat
positive_only:    0
     gencode:    universal
     timemem:    0
       ldiff:    3.841459e+00
     paramin:    
    paramout:    
skipsitewise:    0
        seed:    0
    freqtype:    1
   cleandata:    0
     branopt:    1
    writetmp:    0
     recover:    0

Initialising random number generator from /dev/urandom.
# SLR "Sitewise Likelihood Ratio" selection detection program. Version 1.4.3
# Redundency. Reduced sites from 375 to 343
# Read seqfile file incodon. 9 species, 375 sites.
# Read tree from intree.
(((((Hsap, Ptro ), Ppan ), Rmac ), Cjac ), ((Mmus, Rnov ), Ocun ), Cfam )
# Reoptimising parameters, branches variable
Initial	f: 5503.854362
Step     f(x)      delta
  1: 5219.494343 2.84360e+02    5 	 1630.017
  2: 5152.618198 6.68761e+01    8 	 2452.769
  3: 5137.016710 1.56015e+01   17 	  673.901
  4: 5047.114719 8.99020e+01   20 	  531.740
  5: 4959.866148 8.72486e+01   23 	  426.713
  6: 4831.443487 1.28423e+02   26 	  519.033
  7: 4791.590367 3.98531e+01   29 	  274.837
  8: 4788.858810 2.73156e+00   41 	  255.192
  9: 4781.140613 7.71820e+00   49 	  254.633
 10: 4773.519017 7.62160e+00   52 	  255.120
 11: 4760.860197 1.26588e+01   59 	  241.322
 12: 4755.394324 5.46587e+00   66 	  247.253
 13: 4746.537289 8.85703e+00   69 	  219.906
 14: 4745.258231 1.27906e+00   77 	  211.724
 15: 4743.200698 2.05753e+00   84 	  210.010
 16: 4739.103996 4.09670e+00   87 	  208.625
 17: 4737.969182 1.13481e+00   94 	  204.766
 18: 4735.338457 2.63072e+00   97 	  206.924
 19: 4727.629710 7.70875e+00  100 	  199.844
 20: 4718.033634 9.59608e+00  103 	  195.228
 21: 4707.425418 1.06082e+01  106 	  126.125
 22: 4707.378743 4.66750e-02  121 	  126.070
 23: 4706.740280 6.38464e-01  130 	  119.470
 24: 4706.686927 5.33524e-02  143 	  119.496
 25: 4705.988708 6.98219e-01  151 	   90.169
 26: 4704.405661 1.58305e+00  154 	   85.290
 27: 4703.618906 7.86755e-01  157 	   61.967
 28: 4699.471591 4.14731e+00  160 	   92.653
 29: 4694.980652 4.49094e+00  167 	   64.565
 30: 4694.556157 4.24495e-01  175 	   56.819
 31: 4694.320880 2.35278e-01  183 	   60.083
 32: 4693.830623 4.90257e-01  186 	   50.698
 33: 4693.688368 1.42255e-01  194 	   44.835
 34: 4693.407894 2.80474e-01  197 	   45.867
 35: 4693.093077 3.14817e-01  200 	   24.914
 36: 4692.932374 1.60704e-01  209 	   22.977
 37: 4692.152411 7.79962e-01  212 	   18.797
 38: 4692.148321 4.09070e-03  226 	   18.811
 39: 4692.086814 6.15065e-02  235 	   14.628
 40: 4692.003420 8.33943e-02  242 	    6.357
 41: 4692.001382 2.03796e-03  254 	    5.941
 42: 4691.808698 1.92684e-01  257 	    3.566
 43: 4691.535549 2.73149e-01  260 	    4.450
 44: 4690.956753 5.78796e-01  263 	    3.426
 45: 4689.983176 9.73576e-01  266 	    3.541
 46: 4688.285087 1.69809e+00  269 	    3.426
 47: 4685.552866 2.73222e+00  272 	    2.619
 48: 4683.263411 2.28945e+00  275 	    2.277
 49: 4682.183920 1.07949e+00  278 	    1.879
 50: 4681.310560 8.73360e-01  281 	    1.808
 51: 4679.510372 1.80019e+00  284 	    1.468
 52: 4678.461054 1.04932e+00  287 	    1.062
 53: 4677.895992 5.65063e-01  290 	    0.641
 54: 4677.652192 2.43800e-01  293 	    0.501
 55: 4677.555017 9.71744e-02  296 	    0.361
 56: 4677.513108 4.19096e-02  299 	    0.246
 57: 4677.482583 3.05248e-02  302 	    0.073
 58: 4677.479608 2.97481e-03  305 	    0.020
 59: 4677.479429 1.78863e-04  308 	    0.005
 60: 4677.479422 7.84904e-06  311 	    0.002
 61: 4677.479421 9.28328e-07  314 	    0.000
 62: 4677.479421 7.25122e-08  317 	    0.000
 63: 4677.479421 2.24099e-09  347 -	    0.000
***
# lnL = 4.677479e+03
(((((Hsap:0.020933, Ptro:0.070115 ):0.016569, Ppan:0.060560 ):0.035768, Rmac:0.088822 ):0.063278, Cjac:0.195066 ):0.225716, ((Mmus:0.142908, Rnov:0.156717 ):0.795506, Ocun:0.590358 ):0.108515, Cfam:0.474177 )
# Kappa = 4.123463 Omega = 0.752100
# Tree length = 3.05, average branch length = 0.20 (min=0.02, max=0.80)
# Scaling tree to neutral evolution. Factor = 1.21
# Calculating initial estimates of sitewise conservation
# Calculating conservation at each site. This may take a while.

   1:  ..................................................
  51:  ..................................................
 101:  ..................................................
 151:  ..................................................
 201:  ..................................................
 251:  ..................................................
 301:  ..................................................
 351:  .........................
# Positively selected sites (cumulative)
# Significance  Number sites  Number Random
# 99% corrected      0       0
# 95% corrected      0       0
# 99%                1       0
# 95%               12       3

# Conserved sites (cumulative)
# Significance  Number sites
# 99% corrected      0
# 95% corrected      0
# 99%                9
# 95%               65
