     seqfile:    incodon
    treefile:    intree
     outfile:    out.res
       kappa:    2.000000e+00
       omega:    1.000000e-01
      codonf:    0
     nucleof:    0
      aminof:    0
  reoptimize:    1
     nucfile:    nuc.dat
   aminofile:    amino.dat
positive_only:    0
     gencode:    universal
     timemem:    0
       ldiff:    3.840000e+00
     paramin:    
    paramout:    

#	 Phylogenie site conservation detection.
# Redundency. Reduced sites from 375 to 343
# Read seqfile file incodon. 9 species, 375 sites.
# Read tree from intree.
(((((Hsap, Ptro ), Ppan ), Rmac ), Cjac ), ((Mmus, Rnov ), Ocun ), Cfam )
Initial	f: 6046.642301
Step     f(x)      delta
  1: 4928.668183 1117.97412   16 	  473.488
  2: 4885.684777   42.98341   36 	  310.917
  3: 4878.232572    7.45221   55 	  288.423
  4: 4865.766375   12.46620   74 	  252.691
  5: 4843.166382   22.59999   90 	  224.809
  6: 4832.503548   10.66283  109 	  159.736
  7: 4822.640164    9.86338  126 	  128.970
  8: 4818.705406    3.93476  142 	  140.964
  9: 4815.497404    3.20800  160 	   99.631
 10: 4810.620385    4.87702  183 	   88.613
 11: 4797.309948   13.31044  198 	   66.465
 12: 4795.543454    1.76649  214 	   40.788
 13: 4793.376445    2.16701  229 	   23.901
 14: 4792.557510    0.81894  248 	   28.790
 15: 4792.379732    0.17778  268 	   12.910
 16: 4792.313838    0.06589  299 	   12.329
 17: 4792.074527    0.23931  324 	    5.178
 18: 4782.839019    9.23551  346 	    1.803
 19: 4782.007618    0.83140  347 	    1.353
 20: 4781.525852    0.48177  348 	    0.759
 21: 4781.441292    0.08456  349 	    0.660
 22: 4781.397474    0.04382  350 	    0.586
 23: 4781.357758    0.03972  351 	    0.504
 24: 4781.311296    0.04646  352 	    0.391
 25: 4781.252553    0.05874  353 	    0.236
 26: 4781.221155    0.03140  354 	    0.121
 27: 4781.214279    0.00688  355 	    0.033
 28: 4781.213808    0.00047  394 	    0.006
 29: 4781.213790    0.00002  430 	    0.001
 30: 4781.213789    0.00000  465 	    0.000
 31: 4781.213789    0.00000  500 	    0.000
 32: 4781.213789    0.00000  534 	    0.000
***
# lnL = 4.781214e+03
(((((Hsap:0.020333, Ptro:0.068415 ):0.015665, Ppan:0.058877 ):0.035127, Rmac:0.085691 ):0.063353, Cjac:0.192124 ):0.220823, ((Mmus:0.149821, Rnov:0.166224 ):0.859258, Ocun:0.634510 ):0.117336, Cfam:0.493527 )
# Kappa = 4.215974 Omega = 0.736117
# Tree length = 3.18, average branch length = 0.21 (min=0.02, max=0.86)
# Scaling tree to neutral evolution. Factor = 1.23
# Calculating initial estimates of sitewise conservation
# Calculating conservation at each site. This may take a while.

   1:  ..................................................
  51:  ..................................................
 101:  ..................................................
 151:  ..................................................
 201:  ..................................................
 251:  ..................................................
 301:  ..................................................
 351:  .........................
# Positively selected sites (cumulative)
# Significance  Number sites  Number Random
# 99% corrected      0       0
# 95% corrected      0       0
# 99%                1       0
# 95%               14       1

# Conserved sites (cumulative)
# Significance  Number sites
# 99% corrected      0
# 95% corrected      0
# 99%                7
# 95%               66
